[2016-12-07 14:42:02 +0800] [5581] [INFO] Starting gunicorn 19.6.0
[2016-12-07 14:42:02 +0800] [5581] [INFO] Listening at: http://127.0.0.1:8020 (5581)
[2016-12-07 14:42:02 +0800] [5581] [INFO] Using worker: sync
[2016-12-07 14:42:02 +0800] [5584] [INFO] Booting worker with pid: 5584
[2016-12-07 14:51:59 +0800] [5584] [INFO] Worker reloading: /home/letters/WEB/acmnote/util/models.py modified
[2016-12-07 14:52:06 +0800] [5584] [INFO] Worker exiting (pid: 5584)
[2016-12-07 14:52:06 +0800] [5775] [INFO] Booting worker with pid: 5775
[2016-12-07 14:52:31 +0800] [5581] [INFO] Handling signal: term
[2016-12-07 14:52:31 +0800] [5775] [INFO] Worker exiting (pid: 5775)
[2016-12-07 14:52:31 +0800] [5581] [INFO] Shutting down: Master
[2016-12-07 14:53:12 +0800] [5800] [INFO] Starting gunicorn 19.6.0
[2016-12-07 14:53:12 +0800] [5800] [INFO] Listening at: http://127.0.0.1:8020 (5800)
[2016-12-07 14:53:12 +0800] [5800] [INFO] Using worker: sync
[2016-12-07 14:53:12 +0800] [5803] [INFO] Booting worker with pid: 5803
[2016-12-07 21:54:38 +0800] [5800] [INFO] Handling signal: term
[2016-12-07 21:54:38 +0800] [5803] [INFO] Worker exiting (pid: 5803)
{'oj_id', 'oj'}
2
#include <cstdio>
#include <cstring>
#include <iostream>
#include <algorithm>

#define X first
#define Y second
#define SQ(x) ((x)*(x))
#define MP make_pair
#define PB push_back
#define MEM(x,y) memset(x,y,sizeof(x))
#define C1(x) cout<<(x)<<endl
#define C2(x,y) cout<<(x)<<" "<<(y)<<endl
#define C3(x,y,z) cout<<(x)<<" "<<(y)<<" "<<(z)<<endl
using namespace std;
typedef double DB;
typedef long long LL;
typedef unsigned int U;
typedef pair<int, int> P;



int main(void){
	int n;
	while (cin >> n) {
		printf("%d\n\n", n * (n + 1) / 2);
	}

    return 0;
}

3
Missing redis library (pip install redis)
#include <cstdio>
#include <cstring>
#include <iostream>
#include <algorithm>

#define X first
#define Y second
#define SQ(x) ((x)*(x))
#define MP make_pair
#define PB push_back
#define MEM(x,y) memset(x,y,sizeof(x))
#define C1(x) cout<<(x)<<endl
#define C2(x,y) cout<<(x)<<" "<<(y)<<endl
#define C3(x,y,z) cout<<(x)<<" "<<(y)<<" "<<(z)<<endl
using namespace std;
typedef double DB;
typedef long long LL;
typedef unsigned int U;
typedef pair<int, int> P;



int main(void){
	int n;
	while (cin >> n) {
		printf("%d\n\n", n * (n + 1) / 2);
	}

    return 0;
}

3
Missing redis library (pip install redis)
problem
7
problem
7
problem
7
problem
7
author
6
id
2
id
2
id
2
id
2
id
2
id
2
id
2
id
2
id
2
id
2
id
2
id
2
id
2
id
2
id
2
id
2
id
2
id
2
id
2
id
2
id
2
id
2
id
2
id
2
id
2
id
2
id
2
id
2
id
2
id
2
pub_time
8
pub_time
8
pub_time
8
pub_time
8
pub_time
8
pub_time
8
pub_time
8
pub_time
8
pub_time
8
pub_time
8
pub_time
8
pub_time
8
pub_time
8
update_time
11
update_time
11
update_time
11
update_time
11
update_time
11
update_time
11
update_time
11
update_time
11
update_time
11
update_time
11
update_time
11
update_time
11
update_time
11
update_time
11
update_time
11
update_time
11
update_time
11
update_time
11
update_time
11
update_time
11
update_time
11
update_time
11
update_time
11
update_time
11
update_time
11
update_time
11
update_time
11
update_time
11
[2016-12-07 21:54:38 +0800] [5800] [INFO] Shutting down: Master
